android/app/build/intermediates/manifest_merge_blame_file/debug/processDebugMainManifest/manifest-merger-blame-debug-report.txt
1<?xml version="1.0" encoding="utf-8"?>
2<manifest xmlns:android="http://schemas.android.com/apk/res/android"
3    package="com.social.edusocial"
4    android:versionCode="1"
5    android:versionName="1.0.0" >
6
7    <uses-sdk
8        android:minSdkVersion="23"
9        android:targetSdkVersion="35" />
10    <!--
11         The INTERNET permission is required for development. Specifically,
12         the Flutter tool needs it to communicate with the running application
13         to allow setting breakpoints, to provide hot reload, etc.
14    -->
15    <uses-permission android:name="android.permission.INTERNET" />
15-->src/main/AndroidManifest.xml:3:5-66
15-->src/main/AndroidManifest.xml:3:22-64
16    <uses-permission android:name="android.permission.CAMERA" />
16-->src/main/AndroidManifest.xml:4:5-64
16-->src/main/AndroidManifest.xml:4:22-62
17    <uses-permission android:name="android.permission.ACCESS_FINE_LOCATION" />
17-->src/main/AndroidManifest.xml:5:5-78
17-->src/main/AndroidManifest.xml:5:22-76
18    <uses-permission android:name="android.permission.WRITE_EXTERNAL_STORAGE" />
18-->src/main/AndroidManifest.xml:6:5-80
18-->src/main/AndroidManifest.xml:6:22-78
19    <uses-permission android:name="android.permission.READ_EXTERNAL_STORAGE" />
19-->src/main/AndroidManifest.xml:7:5-79
19-->src/main/AndroidManifest.xml:7:22-77
20    <!--
21 Required to query activities that can process text, see:
22         https://developer.android.com/training/package-visibility and
23         https://developer.android.com/reference/android/content/Intent#ACTION_PROCESS_TEXT.
24
25         In particular, this is used by the Flutter engine in io.flutter.plugin.text.ProcessTextPlugin.
26    -->
27    <queries>
27-->src/main/AndroidManifest.xml:51:5-56:15
28        <intent>
28-->src/main/AndroidManifest.xml:52:9-55:18
29            <action android:name="android.intent.action.PROCESS_TEXT" />
29-->src/main/AndroidManifest.xml:53:13-72
29-->src/main/AndroidManifest.xml:53:21-70
30
31            <data android:mimeType="text/plain" />
31-->src/main/AndroidManifest.xml:54:13-50
31-->src/main/AndroidManifest.xml:54:19-48
32        </intent>
33        <intent>
33-->[:file_picker] AndroidManifest.xml:8:9-12:18
34            <action android:name="android.intent.action.GET_CONTENT" />
34-->[:file_picker] AndroidManifest.xml:9:13-72
34-->[:file_picker] AndroidManifest.xml:9:21-69
35
36            <data android:mimeType="*/*" />
36-->src/main/AndroidManifest.xml:54:13-50
36-->src/main/AndroidManifest.xml:54:19-48
37        </intent>
38    </queries>
39
40    <permission
40-->[androidx.core:core:1.15.0] AndroidManifest.xml:22:5-24:47
41        android:name="com.social.edusocial.DYNAMIC_RECEIVER_NOT_EXPORTED_PERMISSION"
41-->[androidx.core:core:1.15.0] AndroidManifest.xml:23:9-81
42        android:protectionLevel="signature" />
42-->[androidx.core:core:1.15.0] AndroidManifest.xml:24:9-44
43
44    <uses-permission android:name="com.social.edusocial.DYNAMIC_RECEIVER_NOT_EXPORTED_PERMISSION" />
44-->[androidx.core:core:1.15.0] AndroidManifest.xml:26:5-97
44-->[androidx.core:core:1.15.0] AndroidManifest.xml:26:22-94
45
46    <application
47        android:name="android.app.Application"
48        android:appComponentFactory="androidx.core.app.CoreComponentFactory"
48-->[androidx.core:core:1.15.0] AndroidManifest.xml:28:18-86
49        android:debuggable="true"
50        android:enableOnBackInvokedCallback="true"
51        android:extractNativeLibs="false"
52        android:icon="@mipmap/ic_launcher"
53        android:label="edusocial"
54        android:networkSecurityConfig="@xml/network_security_config"
55        android:usesCleartextTraffic="true" >
56        <activity
57            android:name="com.social.edusocial.MainActivity"
58            android:configChanges="orientation|keyboardHidden|keyboard|screenSize|smallestScreenSize|locale|layoutDirection|fontScale|screenLayout|density|uiMode"
59            android:exported="true"
60            android:hardwareAccelerated="true"
61            android:launchMode="singleTop"
62            android:taskAffinity=""
63            android:theme="@style/LaunchTheme"
64            android:windowSoftInputMode="adjustResize" >
65
66            <!--
67                 Specifies an Android theme to apply to this Activity as soon as
68                 the Android process has started. This theme is visible to the user
69                 while the Flutter UI initializes. After that, this theme continues
70                 to determine the Window background behind the Flutter UI.
71            -->
72            <meta-data
73                android:name="io.flutter.embedding.android.NormalTheme"
74                android:resource="@style/NormalTheme" />
75
76            <intent-filter>
77                <action android:name="android.intent.action.MAIN" />
78
79                <category android:name="android.intent.category.LAUNCHER" />
80            </intent-filter>
81        </activity>
82        <!--
83             Don't delete the meta-data below.
84             This is used by the Flutter tool to generate GeneratedPluginRegistrant.java
85        -->
86        <meta-data
87            android:name="flutterEmbedding"
88            android:value="2" />
89        <!--
90           Declares a provider which allows us to store files to share in
91           '.../caches/share_plus' and grant the receiving action access
92        -->
93        <provider
93-->[:share_plus] AndroidManifest.xml:13:9-21:20
94            android:name="dev.fluttercommunity.plus.share.ShareFileProvider"
94-->[:share_plus] AndroidManifest.xml:14:13-77
95            android:authorities="com.social.edusocial.flutter.share_provider"
95-->[:share_plus] AndroidManifest.xml:15:13-74
96            android:exported="false"
96-->[:share_plus] AndroidManifest.xml:16:13-37
97            android:grantUriPermissions="true" >
97-->[:share_plus] AndroidManifest.xml:17:13-47
98            <meta-data
98-->[:share_plus] AndroidManifest.xml:18:13-20:68
99                android:name="android.support.FILE_PROVIDER_PATHS"
99-->[:share_plus] AndroidManifest.xml:19:17-67
100                android:resource="@xml/flutter_share_file_paths" />
100-->[:share_plus] AndroidManifest.xml:20:17-65
101        </provider>
102        <!--
103           This manifest declared broadcast receiver allows us to use an explicit
104           Intent when creating a PendingItent to be informed of the user's choice
105        -->
106        <receiver
106-->[:share_plus] AndroidManifest.xml:26:9-32:20
107            android:name="dev.fluttercommunity.plus.share.SharePlusPendingIntent"
107-->[:share_plus] AndroidManifest.xml:27:13-82
108            android:exported="false" >
108-->[:share_plus] AndroidManifest.xml:28:13-37
109            <intent-filter>
109-->[:share_plus] AndroidManifest.xml:29:13-31:29
110                <action android:name="EXTRA_CHOSEN_COMPONENT" />
110-->[:share_plus] AndroidManifest.xml:30:17-65
110-->[:share_plus] AndroidManifest.xml:30:25-62
111            </intent-filter>
112        </receiver>
113
114        <provider
114-->[:image_picker_android] AndroidManifest.xml:9:9-17:20
115            android:name="io.flutter.plugins.imagepicker.ImagePickerFileProvider"
115-->[:image_picker_android] AndroidManifest.xml:10:13-82
116            android:authorities="com.social.edusocial.flutter.image_provider"
116-->[:image_picker_android] AndroidManifest.xml:11:13-74
117            android:exported="false"
117-->[:image_picker_android] AndroidManifest.xml:12:13-37
118            android:grantUriPermissions="true" >
118-->[:image_picker_android] AndroidManifest.xml:13:13-47
119            <meta-data
119-->[:share_plus] AndroidManifest.xml:18:13-20:68
120                android:name="android.support.FILE_PROVIDER_PATHS"
120-->[:share_plus] AndroidManifest.xml:19:17-67
121                android:resource="@xml/flutter_image_picker_file_paths" />
121-->[:share_plus] AndroidManifest.xml:20:17-65
122        </provider> <!-- Trigger Google Play services to install the backported photo picker module. -->
123        <service
123-->[:image_picker_android] AndroidManifest.xml:19:9-31:19
124            android:name="com.google.android.gms.metadata.ModuleDependencies"
124-->[:image_picker_android] AndroidManifest.xml:20:13-78
125            android:enabled="false"
125-->[:image_picker_android] AndroidManifest.xml:21:13-36
126            android:exported="false" >
126-->[:image_picker_android] AndroidManifest.xml:22:13-37
127            <intent-filter>
127-->[:image_picker_android] AndroidManifest.xml:24:13-26:29
128                <action android:name="com.google.android.gms.metadata.MODULE_DEPENDENCIES" />
128-->[:image_picker_android] AndroidManifest.xml:25:17-94
128-->[:image_picker_android] AndroidManifest.xml:25:25-91
129            </intent-filter>
130
131            <meta-data
131-->[:image_picker_android] AndroidManifest.xml:28:13-30:36
132                android:name="photopicker_activity:0:required"
132-->[:image_picker_android] AndroidManifest.xml:29:17-63
133                android:value="" />
133-->[:image_picker_android] AndroidManifest.xml:30:17-33
134        </service>
135
136        <activity
136-->[:url_launcher_android] AndroidManifest.xml:8:9-11:74
137            android:name="io.flutter.plugins.urllauncher.WebViewActivity"
137-->[:url_launcher_android] AndroidManifest.xml:9:13-74
138            android:exported="false"
138-->[:url_launcher_android] AndroidManifest.xml:10:13-37
139            android:theme="@android:style/Theme.NoTitleBar.Fullscreen" />
139-->[:url_launcher_android] AndroidManifest.xml:11:13-71
140
141        <provider
141-->[androidx.lifecycle:lifecycle-process:2.8.7] AndroidManifest.xml:24:9-32:20
142            android:name="androidx.startup.InitializationProvider"
142-->[androidx.lifecycle:lifecycle-process:2.8.7] AndroidManifest.xml:25:13-67
143            android:authorities="com.social.edusocial.androidx-startup"
143-->[androidx.lifecycle:lifecycle-process:2.8.7] AndroidManifest.xml:26:13-68
144            android:exported="false" >
144-->[androidx.lifecycle:lifecycle-process:2.8.7] AndroidManifest.xml:27:13-37
145            <meta-data
145-->[androidx.lifecycle:lifecycle-process:2.8.7] AndroidManifest.xml:29:13-31:52
146                android:name="androidx.lifecycle.ProcessLifecycleInitializer"
146-->[androidx.lifecycle:lifecycle-process:2.8.7] AndroidManifest.xml:30:17-78
147                android:value="androidx.startup" />
147-->[androidx.lifecycle:lifecycle-process:2.8.7] AndroidManifest.xml:31:17-49
148            <meta-data
148-->[androidx.profileinstaller:profileinstaller:1.3.1] AndroidManifest.xml:29:13-31:52
149                android:name="androidx.profileinstaller.ProfileInstallerInitializer"
149-->[androidx.profileinstaller:profileinstaller:1.3.1] AndroidManifest.xml:30:17-85
150                android:value="androidx.startup" />
150-->[androidx.profileinstaller:profileinstaller:1.3.1] AndroidManifest.xml:31:17-49
151        </provider>
152
153        <uses-library
153-->[androidx.window:window:1.2.0] AndroidManifest.xml:23:9-25:40
154            android:name="androidx.window.extensions"
154-->[androidx.window:window:1.2.0] AndroidManifest.xml:24:13-54
155            android:required="false" />
155-->[androidx.window:window:1.2.0] AndroidManifest.xml:25:13-37
156        <uses-library
156-->[androidx.window:window:1.2.0] AndroidManifest.xml:26:9-28:40
157            android:name="androidx.window.sidecar"
157-->[androidx.window:window:1.2.0] AndroidManifest.xml:27:13-51
158            android:required="false" />
158-->[androidx.window:window:1.2.0] AndroidManifest.xml:28:13-37
159
160        <receiver
160-->[androidx.profileinstaller:profileinstaller:1.3.1] AndroidManifest.xml:34:9-52:20
161            android:name="androidx.profileinstaller.ProfileInstallReceiver"
161-->[androidx.profileinstaller:profileinstaller:1.3.1] AndroidManifest.xml:35:13-76
162            android:directBootAware="false"
162-->[androidx.profileinstaller:profileinstaller:1.3.1] AndroidManifest.xml:36:13-44
163            android:enabled="true"
163-->[androidx.profileinstaller:profileinstaller:1.3.1] AndroidManifest.xml:37:13-35
164            android:exported="true"
164-->[androidx.profileinstaller:profileinstaller:1.3.1] AndroidManifest.xml:38:13-36
165            android:permission="android.permission.DUMP" >
165-->[androidx.profileinstaller:profileinstaller:1.3.1] AndroidManifest.xml:39:13-57
166            <intent-filter>
166-->[androidx.profileinstaller:profileinstaller:1.3.1] AndroidManifest.xml:40:13-42:29
167                <action android:name="androidx.profileinstaller.action.INSTALL_PROFILE" />
167-->[androidx.profileinstaller:profileinstaller:1.3.1] AndroidManifest.xml:41:17-91
167-->[androidx.profileinstaller:profileinstaller:1.3.1] AndroidManifest.xml:41:25-88
168            </intent-filter>
169            <intent-filter>
169-->[androidx.profileinstaller:profileinstaller:1.3.1] AndroidManifest.xml:43:13-45:29
170                <action android:name="androidx.profileinstaller.action.SKIP_FILE" />
170-->[androidx.profileinstaller:profileinstaller:1.3.1] AndroidManifest.xml:44:17-85
170-->[androidx.profileinstaller:profileinstaller:1.3.1] AndroidManifest.xml:44:25-82
171            </intent-filter>
172            <intent-filter>
172-->[androidx.profileinstaller:profileinstaller:1.3.1] AndroidManifest.xml:46:13-48:29
173                <action android:name="androidx.profileinstaller.action.SAVE_PROFILE" />
173-->[androidx.profileinstaller:profileinstaller:1.3.1] AndroidManifest.xml:47:17-88
173-->[androidx.profileinstaller:profileinstaller:1.3.1] AndroidManifest.xml:47:25-85
174            </intent-filter>
175            <intent-filter>
175-->[androidx.profileinstaller:profileinstaller:1.3.1] AndroidManifest.xml:49:13-51:29
176                <action android:name="androidx.profileinstaller.action.BENCHMARK_OPERATION" />
176-->[androidx.profileinstaller:profileinstaller:1.3.1] AndroidManifest.xml:50:17-95
176-->[androidx.profileinstaller:profileinstaller:1.3.1] AndroidManifest.xml:50:25-92
177            </intent-filter>
178        </receiver>
179    </application>
180
181</manifest>